2020-02-17 23:42:52.616 INFO  [main] outfox.ynote.ucourseserver.apiweb.ApiWebApplication: Starting ApiWebApplication on BIH-L-50316 with PID 24400 (D:\project\ynote\ucourseserver\api-web\build\classes\java\main started by cuiyaocy in D:\project\thirdProject\lovecode)
2020-02-17 23:42:52.618 DEBUG [main] outfox.ynote.ucourseserver.apiweb.ApiWebApplication: Running with Spring Boot v2.1.6.RELEASE, Spring v5.1.8.RELEASE
2020-02-17 23:42:52.618 INFO  [main] outfox.ynote.ucourseserver.apiweb.ApiWebApplication: The following profiles are active: dev
2020-02-17 23:42:53.510 INFO  [main] org.springframework.data.repository.config.RepositoryConfigurationDelegate: Multiple Spring Data modules found, entering strict repository configuration mode!
2020-02-17 23:42:53.513 INFO  [main] org.springframework.data.repository.config.RepositoryConfigurationDelegate: Bootstrapping Spring Data repositories in DEFAULT mode.
2020-02-17 23:42:53.542 INFO  [main] org.springframework.data.repository.config.RepositoryConfigurationDelegate: Finished Spring Data repository scanning in 16ms. Found 0 repository interfaces.
2020-02-17 23:42:53.849 INFO  [main] org.springframework.context.support.PostProcessorRegistrationDelegate$BeanPostProcessorChecker: Bean 'org.springframework.transaction.annotation.ProxyTransactionManagementConfiguration' of type [org.springframework.transaction.annotation.ProxyTransactionManagementConfiguration$$EnhancerBySpringCGLIB$$4f5de8a0] is not eligible for getting processed by all BeanPostProcessors (for example: not eligible for auto-proxying)
2020-02-17 23:42:54.094 INFO  [main] org.springframework.boot.web.embedded.tomcat.TomcatWebServer: Tomcat initialized with port(s): 8080 (http)
2020-02-17 23:42:54.119 INFO  [main] org.apache.catalina.core.StandardService: Starting service [Tomcat]
2020-02-17 23:42:54.119 INFO  [main] org.apache.catalina.core.StandardEngine: Starting Servlet engine: [Apache Tomcat/9.0.21]
2020-02-17 23:42:54.287 INFO  [main] org.apache.catalina.core.ContainerBase.[Tomcat].[localhost].[/]: Initializing Spring embedded WebApplicationContext
2020-02-17 23:42:54.288 INFO  [main] org.springframework.web.context.ContextLoader: Root WebApplicationContext: initialization completed in 1588 ms
2020-02-17 23:42:55.097 INFO  [main] org.springframework.scheduling.concurrent.ThreadPoolTaskExecutor: Initializing ExecutorService
2020-02-17 23:42:55.435 INFO  [main] springfox.documentation.spring.web.PropertySourcedRequestMappingHandlerMapping: Mapped URL path [/v2/api-docs] onto method [public org.springframework.http.ResponseEntity<springfox.documentation.spring.web.json.Json> springfox.documentation.swagger2.web.Swagger2Controller.getDocumentation(java.lang.String,javax.servlet.http.HttpServletRequest)]
2020-02-17 23:42:55.573 INFO  [main] org.springframework.scheduling.concurrent.ThreadPoolTaskExecutor: Initializing ExecutorService 'applicationTaskExecutor'
2020-02-17 23:42:55.798 INFO  [main] springfox.documentation.spring.web.plugins.DocumentationPluginsBootstrapper: Context refreshed
2020-02-17 23:42:55.810 INFO  [main] springfox.documentation.spring.web.plugins.DocumentationPluginsBootstrapper: Found 1 custom documentation plugin(s)
2020-02-17 23:42:55.840 INFO  [main] springfox.documentation.spring.web.scanners.ApiListingReferenceScanner: Scanning for api listing references
2020-02-17 23:42:56.065 INFO  [main] org.springframework.boot.web.embedded.tomcat.TomcatWebServer: Tomcat started on port(s): 8080 (http) with context path ''
2020-02-17 23:42:56.068 INFO  [main] outfox.ynote.ucourseserver.apiweb.ApiWebApplication: Started ApiWebApplication in 3.888 seconds (JVM running for 4.623)
2020-02-17 23:43:19.165 INFO  [http-nio-8080-exec-1] org.apache.catalina.core.ContainerBase.[Tomcat].[localhost].[/]: Initializing Spring DispatcherServlet 'dispatcherServlet'
2020-02-17 23:43:19.165 INFO  [http-nio-8080-exec-1] org.springframework.web.servlet.DispatcherServlet: Initializing Servlet 'dispatcherServlet'
2020-02-17 23:43:19.175 INFO  [http-nio-8080-exec-1] org.springframework.web.servlet.DispatcherServlet: Completed initialization in 9 ms
2020-02-17 23:43:19.206 ERROR [http-nio-8080-exec-1] org.apache.catalina.core.ContainerBase.[Tomcat].[localhost]: Exception Processing ErrorPage[errorCode=0, location=/error]
java.lang.NoSuchMethodError: javax.servlet.http.HttpServletRequest.getHttpServletMapping()Ljavax/servlet/http/HttpServletMapping;
	at org.apache.catalina.core.ApplicationHttpRequest.setRequest(ApplicationHttpRequest.java:708)
	at org.apache.catalina.core.ApplicationHttpRequest.<init>(ApplicationHttpRequest.java:114)
	at org.apache.catalina.core.ApplicationDispatcher.wrapRequest(ApplicationDispatcher.java:917)
	at org.apache.catalina.core.ApplicationDispatcher.doForward(ApplicationDispatcher.java:358)
	at org.apache.catalina.core.ApplicationDispatcher.forward(ApplicationDispatcher.java:312)
	at org.apache.catalina.core.StandardHostValve.custom(StandardHostValve.java:394)
	at org.apache.catalina.core.StandardHostValve.status(StandardHostValve.java:253)
	at org.apache.catalina.core.StandardHostValve.invoke(StandardHostValve.java:175)
	at org.apache.catalina.valves.ErrorReportValve.invoke(ErrorReportValve.java:92)
	at org.apache.catalina.core.StandardEngineValve.invoke(StandardEngineValve.java:74)
	at org.apache.catalina.connector.CoyoteAdapter.service(CoyoteAdapter.java:343)
	at org.apache.coyote.http11.Http11Processor.service(Http11Processor.java:408)
	at org.apache.coyote.AbstractProcessorLight.process(AbstractProcessorLight.java:66)
	at org.apache.coyote.AbstractProtocol$ConnectionHandler.process(AbstractProtocol.java:853)
	at org.apache.tomcat.util.net.NioEndpoint$SocketProcessor.doRun(NioEndpoint.java:1587)
	at org.apache.tomcat.util.net.SocketProcessorBase.run(SocketProcessorBase.java:49)
	at java.util.concurrent.ThreadPoolExecutor.runWorker(ThreadPoolExecutor.java:1149)
	at java.util.concurrent.ThreadPoolExecutor$Worker.run(ThreadPoolExecutor.java:624)
	at org.apache.tomcat.util.threads.TaskThread$WrappingRunnable.run(TaskThread.java:61)
	at java.lang.Thread.run(Thread.java:748)
2020-02-17 23:44:02.088 INFO  [main] outfox.ynote.ucourseserver.apiweb.ApiWebApplication: Starting ApiWebApplication on BIH-L-50316 with PID 12668 (D:\project\ynote\ucourseserver\api-web\build\classes\java\main started by cuiyaocy in D:\project\thirdProject\lovecode)
2020-02-17 23:44:02.091 DEBUG [main] outfox.ynote.ucourseserver.apiweb.ApiWebApplication: Running with Spring Boot v2.1.6.RELEASE, Spring v5.1.8.RELEASE
2020-02-17 23:44:02.091 INFO  [main] outfox.ynote.ucourseserver.apiweb.ApiWebApplication: The following profiles are active: dev
2020-02-17 23:44:03.069 INFO  [main] org.springframework.data.repository.config.RepositoryConfigurationDelegate: Multiple Spring Data modules found, entering strict repository configuration mode!
2020-02-17 23:44:03.072 INFO  [main] org.springframework.data.repository.config.RepositoryConfigurationDelegate: Bootstrapping Spring Data repositories in DEFAULT mode.
2020-02-17 23:44:03.107 INFO  [main] org.springframework.data.repository.config.RepositoryConfigurationDelegate: Finished Spring Data repository scanning in 19ms. Found 0 repository interfaces.
2020-02-17 23:44:03.431 INFO  [main] org.springframework.context.support.PostProcessorRegistrationDelegate$BeanPostProcessorChecker: Bean 'org.springframework.transaction.annotation.ProxyTransactionManagementConfiguration' of type [org.springframework.transaction.annotation.ProxyTransactionManagementConfiguration$$EnhancerBySpringCGLIB$$81b57b78] is not eligible for getting processed by all BeanPostProcessors (for example: not eligible for auto-proxying)
2020-02-17 23:44:03.699 INFO  [main] org.springframework.boot.web.embedded.tomcat.TomcatWebServer: Tomcat initialized with port(s): 8080 (http)
2020-02-17 23:44:03.725 INFO  [main] org.apache.catalina.core.StandardService: Starting service [Tomcat]
2020-02-17 23:44:03.726 INFO  [main] org.apache.catalina.core.StandardEngine: Starting Servlet engine: [Apache Tomcat/9.0.21]
2020-02-17 23:44:03.851 INFO  [main] org.apache.catalina.core.ContainerBase.[Tomcat].[localhost].[/]: Initializing Spring embedded WebApplicationContext
2020-02-17 23:44:03.852 INFO  [main] org.springframework.web.context.ContextLoader: Root WebApplicationContext: initialization completed in 1668 ms
2020-02-17 23:44:04.687 INFO  [main] org.springframework.scheduling.concurrent.ThreadPoolTaskExecutor: Initializing ExecutorService
2020-02-17 23:44:05.036 INFO  [main] springfox.documentation.spring.web.PropertySourcedRequestMappingHandlerMapping: Mapped URL path [/v2/api-docs] onto method [public org.springframework.http.ResponseEntity<springfox.documentation.spring.web.json.Json> springfox.documentation.swagger2.web.Swagger2Controller.getDocumentation(java.lang.String,javax.servlet.http.HttpServletRequest)]
2020-02-17 23:44:05.163 INFO  [main] org.springframework.scheduling.concurrent.ThreadPoolTaskExecutor: Initializing ExecutorService 'applicationTaskExecutor'
2020-02-17 23:44:05.408 INFO  [main] springfox.documentation.spring.web.plugins.DocumentationPluginsBootstrapper: Context refreshed
2020-02-17 23:44:05.421 INFO  [main] springfox.documentation.spring.web.plugins.DocumentationPluginsBootstrapper: Found 1 custom documentation plugin(s)
2020-02-17 23:44:05.454 INFO  [main] springfox.documentation.spring.web.scanners.ApiListingReferenceScanner: Scanning for api listing references
2020-02-17 23:44:05.685 INFO  [main] org.springframework.boot.web.embedded.tomcat.TomcatWebServer: Tomcat started on port(s): 8080 (http) with context path ''
2020-02-17 23:44:05.689 INFO  [main] outfox.ynote.ucourseserver.apiweb.ApiWebApplication: Started ApiWebApplication in 4.059 seconds (JVM running for 4.889)
2020-02-17 23:44:09.051 INFO  [http-nio-8080-exec-1] org.apache.catalina.core.ContainerBase.[Tomcat].[localhost].[/]: Initializing Spring DispatcherServlet 'dispatcherServlet'
2020-02-17 23:44:09.052 INFO  [http-nio-8080-exec-1] org.springframework.web.servlet.DispatcherServlet: Initializing Servlet 'dispatcherServlet'
2020-02-17 23:44:09.060 INFO  [http-nio-8080-exec-1] org.springframework.web.servlet.DispatcherServlet: Completed initialization in 8 ms
2020-02-17 23:44:09.088 ERROR [http-nio-8080-exec-1] org.apache.catalina.core.ContainerBase.[Tomcat].[localhost]: Exception Processing ErrorPage[errorCode=0, location=/error]
java.lang.NoSuchMethodError: javax.servlet.http.HttpServletRequest.getHttpServletMapping()Ljavax/servlet/http/HttpServletMapping;
	at org.apache.catalina.core.ApplicationHttpRequest.setRequest(ApplicationHttpRequest.java:708)
	at org.apache.catalina.core.ApplicationHttpRequest.<init>(ApplicationHttpRequest.java:114)
	at org.apache.catalina.core.ApplicationDispatcher.wrapRequest(ApplicationDispatcher.java:917)
	at org.apache.catalina.core.ApplicationDispatcher.doForward(ApplicationDispatcher.java:358)
	at org.apache.catalina.core.ApplicationDispatcher.forward(ApplicationDispatcher.java:312)
	at org.apache.catalina.core.StandardHostValve.custom(StandardHostValve.java:394)
	at org.apache.catalina.core.StandardHostValve.status(StandardHostValve.java:253)
	at org.apache.catalina.core.StandardHostValve.invoke(StandardHostValve.java:175)
	at org.apache.catalina.valves.ErrorReportValve.invoke(ErrorReportValve.java:92)
	at org.apache.catalina.core.StandardEngineValve.invoke(StandardEngineValve.java:74)
	at org.apache.catalina.connector.CoyoteAdapter.service(CoyoteAdapter.java:343)
	at org.apache.coyote.http11.Http11Processor.service(Http11Processor.java:408)
	at org.apache.coyote.AbstractProcessorLight.process(AbstractProcessorLight.java:66)
	at org.apache.coyote.AbstractProtocol$ConnectionHandler.process(AbstractProtocol.java:853)
	at org.apache.tomcat.util.net.NioEndpoint$SocketProcessor.doRun(NioEndpoint.java:1587)
	at org.apache.tomcat.util.net.SocketProcessorBase.run(SocketProcessorBase.java:49)
	at java.util.concurrent.ThreadPoolExecutor.runWorker(ThreadPoolExecutor.java:1149)
	at java.util.concurrent.ThreadPoolExecutor$Worker.run(ThreadPoolExecutor.java:624)
	at org.apache.tomcat.util.threads.TaskThread$WrappingRunnable.run(TaskThread.java:61)
	at java.lang.Thread.run(Thread.java:748)
2020-02-17 23:46:26.843 INFO  [main] outfox.ynote.ucourseserver.apiweb.ApiWebApplication: Starting ApiWebApplication on BIH-L-50316 with PID 15324 (D:\project\ynote\ucourseserver\api-web\build\classes\java\main started by cuiyaocy in D:\project\thirdProject\lovecode)
2020-02-17 23:46:26.845 DEBUG [main] outfox.ynote.ucourseserver.apiweb.ApiWebApplication: Running with Spring Boot v2.1.6.RELEASE, Spring v5.1.8.RELEASE
2020-02-17 23:46:26.845 INFO  [main] outfox.ynote.ucourseserver.apiweb.ApiWebApplication: The following profiles are active: dev
2020-02-17 23:46:27.723 INFO  [main] org.springframework.data.repository.config.RepositoryConfigurationDelegate: Multiple Spring Data modules found, entering strict repository configuration mode!
2020-02-17 23:46:27.726 INFO  [main] org.springframework.data.repository.config.RepositoryConfigurationDelegate: Bootstrapping Spring Data repositories in DEFAULT mode.
2020-02-17 23:46:27.755 INFO  [main] org.springframework.data.repository.config.RepositoryConfigurationDelegate: Finished Spring Data repository scanning in 18ms. Found 0 repository interfaces.
2020-02-17 23:46:28.051 INFO  [main] org.springframework.context.support.PostProcessorRegistrationDelegate$BeanPostProcessorChecker: Bean 'org.springframework.transaction.annotation.ProxyTransactionManagementConfiguration' of type [org.springframework.transaction.annotation.ProxyTransactionManagementConfiguration$$EnhancerBySpringCGLIB$$6bb3d933] is not eligible for getting processed by all BeanPostProcessors (for example: not eligible for auto-proxying)
2020-02-17 23:46:28.300 INFO  [main] org.springframework.boot.web.embedded.tomcat.TomcatWebServer: Tomcat initialized with port(s): 8080 (http)
2020-02-17 23:46:28.325 INFO  [main] org.apache.catalina.core.StandardService: Starting service [Tomcat]
2020-02-17 23:46:28.325 INFO  [main] org.apache.catalina.core.StandardEngine: Starting Servlet engine: [Apache Tomcat/9.0.21]
2020-02-17 23:46:28.464 INFO  [main] org.apache.catalina.core.ContainerBase.[Tomcat].[localhost].[/]: Initializing Spring embedded WebApplicationContext
2020-02-17 23:46:28.465 INFO  [main] org.springframework.web.context.ContextLoader: Root WebApplicationContext: initialization completed in 1527 ms
2020-02-17 23:46:29.276 INFO  [main] org.springframework.scheduling.concurrent.ThreadPoolTaskExecutor: Initializing ExecutorService
2020-02-17 23:46:29.621 INFO  [main] springfox.documentation.spring.web.PropertySourcedRequestMappingHandlerMapping: Mapped URL path [/v2/api-docs] onto method [public org.springframework.http.ResponseEntity<springfox.documentation.spring.web.json.Json> springfox.documentation.swagger2.web.Swagger2Controller.getDocumentation(java.lang.String,javax.servlet.http.HttpServletRequest)]
2020-02-17 23:46:29.764 INFO  [main] org.springframework.scheduling.concurrent.ThreadPoolTaskExecutor: Initializing ExecutorService 'applicationTaskExecutor'
2020-02-17 23:46:29.992 INFO  [main] springfox.documentation.spring.web.plugins.DocumentationPluginsBootstrapper: Context refreshed
2020-02-17 23:46:30.004 INFO  [main] springfox.documentation.spring.web.plugins.DocumentationPluginsBootstrapper: Found 1 custom documentation plugin(s)
2020-02-17 23:46:30.034 INFO  [main] springfox.documentation.spring.web.scanners.ApiListingReferenceScanner: Scanning for api listing references
2020-02-17 23:46:30.259 INFO  [main] org.springframework.boot.web.embedded.tomcat.TomcatWebServer: Tomcat started on port(s): 8080 (http) with context path ''
2020-02-17 23:46:30.262 INFO  [main] outfox.ynote.ucourseserver.apiweb.ApiWebApplication: Started ApiWebApplication in 3.851 seconds (JVM running for 4.557)
2020-02-17 23:46:35.545 INFO  [http-nio-8080-exec-2] org.apache.catalina.core.ContainerBase.[Tomcat].[localhost].[/]: Initializing Spring DispatcherServlet 'dispatcherServlet'
2020-02-17 23:46:35.546 INFO  [http-nio-8080-exec-2] org.springframework.web.servlet.DispatcherServlet: Initializing Servlet 'dispatcherServlet'
2020-02-17 23:46:35.554 INFO  [http-nio-8080-exec-2] org.springframework.web.servlet.DispatcherServlet: Completed initialization in 7 ms
2020-02-17 23:46:35.582 ERROR [http-nio-8080-exec-2] org.apache.catalina.core.ContainerBase.[Tomcat].[localhost]: Exception Processing ErrorPage[errorCode=0, location=/error]
java.lang.NoSuchMethodError: javax.servlet.http.HttpServletRequest.getHttpServletMapping()Ljavax/servlet/http/HttpServletMapping;
	at org.apache.catalina.core.ApplicationHttpRequest.setRequest(ApplicationHttpRequest.java:708)
	at org.apache.catalina.core.ApplicationHttpRequest.<init>(ApplicationHttpRequest.java:114)
	at org.apache.catalina.core.ApplicationDispatcher.wrapRequest(ApplicationDispatcher.java:917)
	at org.apache.catalina.core.ApplicationDispatcher.doForward(ApplicationDispatcher.java:358)
	at org.apache.catalina.core.ApplicationDispatcher.forward(ApplicationDispatcher.java:312)
	at org.apache.catalina.core.StandardHostValve.custom(StandardHostValve.java:394)
	at org.apache.catalina.core.StandardHostValve.status(StandardHostValve.java:253)
	at org.apache.catalina.core.StandardHostValve.invoke(StandardHostValve.java:175)
	at org.apache.catalina.valves.ErrorReportValve.invoke(ErrorReportValve.java:92)
	at org.apache.catalina.core.StandardEngineValve.invoke(StandardEngineValve.java:74)
	at org.apache.catalina.connector.CoyoteAdapter.service(CoyoteAdapter.java:343)
	at org.apache.coyote.http11.Http11Processor.service(Http11Processor.java:408)
	at org.apache.coyote.AbstractProcessorLight.process(AbstractProcessorLight.java:66)
	at org.apache.coyote.AbstractProtocol$ConnectionHandler.process(AbstractProtocol.java:853)
	at org.apache.tomcat.util.net.NioEndpoint$SocketProcessor.doRun(NioEndpoint.java:1587)
	at org.apache.tomcat.util.net.SocketProcessorBase.run(SocketProcessorBase.java:49)
	at java.util.concurrent.ThreadPoolExecutor.runWorker(ThreadPoolExecutor.java:1149)
	at java.util.concurrent.ThreadPoolExecutor$Worker.run(ThreadPoolExecutor.java:624)
	at org.apache.tomcat.util.threads.TaskThread$WrappingRunnable.run(TaskThread.java:61)
	at java.lang.Thread.run(Thread.java:748)
2020-02-17 23:46:43.430 ERROR [http-nio-8080-exec-1] org.apache.catalina.core.ContainerBase.[Tomcat].[localhost]: Exception Processing ErrorPage[errorCode=0, location=/error]
java.lang.NoSuchMethodError: javax.servlet.http.HttpServletRequest.getHttpServletMapping()Ljavax/servlet/http/HttpServletMapping;
	at org.apache.catalina.core.ApplicationHttpRequest.setRequest(ApplicationHttpRequest.java:708)
	at org.apache.catalina.core.ApplicationHttpRequest.<init>(ApplicationHttpRequest.java:114)
	at org.apache.catalina.core.ApplicationDispatcher.wrapRequest(ApplicationDispatcher.java:917)
	at org.apache.catalina.core.ApplicationDispatcher.doForward(ApplicationDispatcher.java:358)
	at org.apache.catalina.core.ApplicationDispatcher.forward(ApplicationDispatcher.java:312)
	at org.apache.catalina.core.StandardHostValve.custom(StandardHostValve.java:394)
	at org.apache.catalina.core.StandardHostValve.status(StandardHostValve.java:253)
	at org.apache.catalina.core.StandardHostValve.invoke(StandardHostValve.java:175)
	at org.apache.catalina.valves.ErrorReportValve.invoke(ErrorReportValve.java:92)
	at org.apache.catalina.core.StandardEngineValve.invoke(StandardEngineValve.java:74)
	at org.apache.catalina.connector.CoyoteAdapter.service(CoyoteAdapter.java:343)
	at org.apache.coyote.http11.Http11Processor.service(Http11Processor.java:408)
	at org.apache.coyote.AbstractProcessorLight.process(AbstractProcessorLight.java:66)
	at org.apache.coyote.AbstractProtocol$ConnectionHandler.process(AbstractProtocol.java:853)
	at org.apache.tomcat.util.net.NioEndpoint$SocketProcessor.doRun(NioEndpoint.java:1587)
	at org.apache.tomcat.util.net.SocketProcessorBase.run(SocketProcessorBase.java:49)
	at java.util.concurrent.ThreadPoolExecutor.runWorker(ThreadPoolExecutor.java:1149)
	at java.util.concurrent.ThreadPoolExecutor$Worker.run(ThreadPoolExecutor.java:624)
	at org.apache.tomcat.util.threads.TaskThread$WrappingRunnable.run(TaskThread.java:61)
	at java.lang.Thread.run(Thread.java:748)
2020-02-17 23:48:30.475 INFO  [main] outfox.ynote.ucourseserver.apiweb.ApiWebApplication: Starting ApiWebApplication on BIH-L-50316 with PID 22564 (D:\project\ynote\ucourseserver\api-web\build\classes\java\main started by cuiyaocy in D:\project\thirdProject\lovecode)
2020-02-17 23:48:30.477 DEBUG [main] outfox.ynote.ucourseserver.apiweb.ApiWebApplication: Running with Spring Boot v2.1.6.RELEASE, Spring v5.1.8.RELEASE
2020-02-17 23:48:30.477 INFO  [main] outfox.ynote.ucourseserver.apiweb.ApiWebApplication: The following profiles are active: dev
2020-02-17 23:48:31.385 INFO  [main] org.springframework.data.repository.config.RepositoryConfigurationDelegate: Multiple Spring Data modules found, entering strict repository configuration mode!
2020-02-17 23:48:31.388 INFO  [main] org.springframework.data.repository.config.RepositoryConfigurationDelegate: Bootstrapping Spring Data repositories in DEFAULT mode.
2020-02-17 23:48:31.417 INFO  [main] org.springframework.data.repository.config.RepositoryConfigurationDelegate: Finished Spring Data repository scanning in 17ms. Found 0 repository interfaces.
2020-02-17 23:48:31.796 INFO  [main] org.springframework.context.support.PostProcessorRegistrationDelegate$BeanPostProcessorChecker: Bean 'org.springframework.transaction.annotation.ProxyTransactionManagementConfiguration' of type [org.springframework.transaction.annotation.ProxyTransactionManagementConfiguration$$EnhancerBySpringCGLIB$$6a226635] is not eligible for getting processed by all BeanPostProcessors (for example: not eligible for auto-proxying)
2020-02-17 23:48:32.069 INFO  [main] org.springframework.boot.web.embedded.tomcat.TomcatWebServer: Tomcat initialized with port(s): 8080 (http)
2020-02-17 23:48:32.095 INFO  [main] org.apache.catalina.core.StandardService: Starting service [Tomcat]
2020-02-17 23:48:32.095 INFO  [main] org.apache.catalina.core.StandardEngine: Starting Servlet engine: [Apache Tomcat/9.0.21]
2020-02-17 23:48:32.231 INFO  [main] org.apache.catalina.core.ContainerBase.[Tomcat].[localhost].[/]: Initializing Spring embedded WebApplicationContext
2020-02-17 23:48:32.232 INFO  [main] org.springframework.web.context.ContextLoader: Root WebApplicationContext: initialization completed in 1665 ms
2020-02-17 23:48:33.042 INFO  [main] org.springframework.scheduling.concurrent.ThreadPoolTaskExecutor: Initializing ExecutorService
2020-02-17 23:48:33.380 INFO  [main] springfox.documentation.spring.web.PropertySourcedRequestMappingHandlerMapping: Mapped URL path [/v2/api-docs] onto method [public org.springframework.http.ResponseEntity<springfox.documentation.spring.web.json.Json> springfox.documentation.swagger2.web.Swagger2Controller.getDocumentation(java.lang.String,javax.servlet.http.HttpServletRequest)]
2020-02-17 23:48:33.519 INFO  [main] org.springframework.scheduling.concurrent.ThreadPoolTaskExecutor: Initializing ExecutorService 'applicationTaskExecutor'
2020-02-17 23:48:33.746 INFO  [main] springfox.documentation.spring.web.plugins.DocumentationPluginsBootstrapper: Context refreshed
2020-02-17 23:48:33.757 INFO  [main] springfox.documentation.spring.web.plugins.DocumentationPluginsBootstrapper: Found 1 custom documentation plugin(s)
2020-02-17 23:48:33.788 INFO  [main] springfox.documentation.spring.web.scanners.ApiListingReferenceScanner: Scanning for api listing references
2020-02-17 23:48:34.018 INFO  [main] org.springframework.boot.web.embedded.tomcat.TomcatWebServer: Tomcat started on port(s): 8080 (http) with context path ''
2020-02-17 23:48:34.022 INFO  [main] outfox.ynote.ucourseserver.apiweb.ApiWebApplication: Started ApiWebApplication in 3.974 seconds (JVM running for 4.684)
2020-02-17 23:48:53.462 INFO  [http-nio-8080-exec-1] org.apache.catalina.core.ContainerBase.[Tomcat].[localhost].[/]: Initializing Spring DispatcherServlet 'dispatcherServlet'
2020-02-17 23:48:53.463 INFO  [http-nio-8080-exec-1] org.springframework.web.servlet.DispatcherServlet: Initializing Servlet 'dispatcherServlet'
2020-02-17 23:48:53.474 INFO  [http-nio-8080-exec-1] org.springframework.web.servlet.DispatcherServlet: Completed initialization in 9 ms
2020-02-17 23:48:53.504 ERROR [http-nio-8080-exec-1] org.apache.catalina.core.ContainerBase.[Tomcat].[localhost]: Exception Processing ErrorPage[errorCode=0, location=/error]
java.lang.NoSuchMethodError: javax.servlet.http.HttpServletRequest.getHttpServletMapping()Ljavax/servlet/http/HttpServletMapping;
	at org.apache.catalina.core.ApplicationHttpRequest.setRequest(ApplicationHttpRequest.java:708)
	at org.apache.catalina.core.ApplicationHttpRequest.<init>(ApplicationHttpRequest.java:114)
	at org.apache.catalina.core.ApplicationDispatcher.wrapRequest(ApplicationDispatcher.java:917)
	at org.apache.catalina.core.ApplicationDispatcher.doForward(ApplicationDispatcher.java:358)
	at org.apache.catalina.core.ApplicationDispatcher.forward(ApplicationDispatcher.java:312)
	at org.apache.catalina.core.StandardHostValve.custom(StandardHostValve.java:394)
	at org.apache.catalina.core.StandardHostValve.status(StandardHostValve.java:253)
	at org.apache.catalina.core.StandardHostValve.invoke(StandardHostValve.java:175)
	at org.apache.catalina.valves.ErrorReportValve.invoke(ErrorReportValve.java:92)
	at org.apache.catalina.core.StandardEngineValve.invoke(StandardEngineValve.java:74)
	at org.apache.catalina.connector.CoyoteAdapter.service(CoyoteAdapter.java:343)
	at org.apache.coyote.http11.Http11Processor.service(Http11Processor.java:408)
	at org.apache.coyote.AbstractProcessorLight.process(AbstractProcessorLight.java:66)
	at org.apache.coyote.AbstractProtocol$ConnectionHandler.process(AbstractProtocol.java:853)
	at org.apache.tomcat.util.net.NioEndpoint$SocketProcessor.doRun(NioEndpoint.java:1587)
	at org.apache.tomcat.util.net.SocketProcessorBase.run(SocketProcessorBase.java:49)
	at java.util.concurrent.ThreadPoolExecutor.runWorker(ThreadPoolExecutor.java:1149)
	at java.util.concurrent.ThreadPoolExecutor$Worker.run(ThreadPoolExecutor.java:624)
	at org.apache.tomcat.util.threads.TaskThread$WrappingRunnable.run(TaskThread.java:61)
	at java.lang.Thread.run(Thread.java:748)
2020-02-17 23:49:37.302 INFO  [main] outfox.ynote.ucourseserver.apiweb.ApiWebApplication: Starting ApiWebApplication on BIH-L-50316 with PID 5264 (D:\project\ynote\ucourseserver\api-web\build\classes\java\main started by cuiyaocy in D:\project\thirdProject\lovecode)
2020-02-17 23:49:37.304 DEBUG [main] outfox.ynote.ucourseserver.apiweb.ApiWebApplication: Running with Spring Boot v2.1.6.RELEASE, Spring v5.1.8.RELEASE
2020-02-17 23:49:37.304 INFO  [main] outfox.ynote.ucourseserver.apiweb.ApiWebApplication: The following profiles are active: dev
2020-02-17 23:49:38.209 INFO  [main] org.springframework.data.repository.config.RepositoryConfigurationDelegate: Multiple Spring Data modules found, entering strict repository configuration mode!
2020-02-17 23:49:38.212 INFO  [main] org.springframework.data.repository.config.RepositoryConfigurationDelegate: Bootstrapping Spring Data repositories in DEFAULT mode.
2020-02-17 23:49:38.250 INFO  [main] org.springframework.data.repository.config.RepositoryConfigurationDelegate: Finished Spring Data repository scanning in 22ms. Found 0 repository interfaces.
2020-02-17 23:49:38.571 INFO  [main] org.springframework.context.support.PostProcessorRegistrationDelegate$BeanPostProcessorChecker: Bean 'org.springframework.transaction.annotation.ProxyTransactionManagementConfiguration' of type [org.springframework.transaction.annotation.ProxyTransactionManagementConfiguration$$EnhancerBySpringCGLIB$$922b82ce] is not eligible for getting processed by all BeanPostProcessors (for example: not eligible for auto-proxying)
2020-02-17 23:49:38.832 INFO  [main] org.springframework.boot.web.embedded.tomcat.TomcatWebServer: Tomcat initialized with port(s): 8080 (http)
2020-02-17 23:49:38.859 INFO  [main] org.apache.catalina.core.StandardService: Starting service [Tomcat]
2020-02-17 23:49:38.859 INFO  [main] org.apache.catalina.core.StandardEngine: Starting Servlet engine: [Apache Tomcat/9.0.21]
2020-02-17 23:49:39.004 INFO  [main] org.apache.catalina.core.ContainerBase.[Tomcat].[localhost].[/]: Initializing Spring embedded WebApplicationContext
2020-02-17 23:49:39.005 INFO  [main] org.springframework.web.context.ContextLoader: Root WebApplicationContext: initialization completed in 1608 ms
2020-02-17 23:49:39.825 INFO  [main] org.springframework.scheduling.concurrent.ThreadPoolTaskExecutor: Initializing ExecutorService
2020-02-17 23:49:40.184 INFO  [main] springfox.documentation.spring.web.PropertySourcedRequestMappingHandlerMapping: Mapped URL path [/v2/api-docs] onto method [public org.springframework.http.ResponseEntity<springfox.documentation.spring.web.json.Json> springfox.documentation.swagger2.web.Swagger2Controller.getDocumentation(java.lang.String,javax.servlet.http.HttpServletRequest)]
2020-02-17 23:49:40.320 INFO  [main] org.springframework.scheduling.concurrent.ThreadPoolTaskExecutor: Initializing ExecutorService 'applicationTaskExecutor'
2020-02-17 23:49:40.547 INFO  [main] springfox.documentation.spring.web.plugins.DocumentationPluginsBootstrapper: Context refreshed
2020-02-17 23:49:40.559 INFO  [main] springfox.documentation.spring.web.plugins.DocumentationPluginsBootstrapper: Found 1 custom documentation plugin(s)
2020-02-17 23:49:40.595 INFO  [main] springfox.documentation.spring.web.scanners.ApiListingReferenceScanner: Scanning for api listing references
2020-02-17 23:49:40.857 INFO  [main] org.springframework.boot.web.embedded.tomcat.TomcatWebServer: Tomcat started on port(s): 8080 (http) with context path ''
2020-02-17 23:49:40.860 INFO  [main] outfox.ynote.ucourseserver.apiweb.ApiWebApplication: Started ApiWebApplication in 4.003 seconds (JVM running for 4.711)
2020-02-17 23:49:52.122 INFO  [http-nio-8080-exec-1] org.apache.catalina.core.ContainerBase.[Tomcat].[localhost].[/]: Initializing Spring DispatcherServlet 'dispatcherServlet'
2020-02-17 23:49:52.123 INFO  [http-nio-8080-exec-1] org.springframework.web.servlet.DispatcherServlet: Initializing Servlet 'dispatcherServlet'
2020-02-17 23:49:52.133 INFO  [http-nio-8080-exec-1] org.springframework.web.servlet.DispatcherServlet: Completed initialization in 9 ms
2020-02-17 23:49:52.161 ERROR [http-nio-8080-exec-1] org.apache.catalina.core.ContainerBase.[Tomcat].[localhost]: Exception Processing ErrorPage[errorCode=0, location=/error]
java.lang.NoSuchMethodError: javax.servlet.http.HttpServletRequest.getHttpServletMapping()Ljavax/servlet/http/HttpServletMapping;
	at org.apache.catalina.core.ApplicationHttpRequest.setRequest(ApplicationHttpRequest.java:708)
	at org.apache.catalina.core.ApplicationHttpRequest.<init>(ApplicationHttpRequest.java:114)
	at org.apache.catalina.core.ApplicationDispatcher.wrapRequest(ApplicationDispatcher.java:917)
	at org.apache.catalina.core.ApplicationDispatcher.doForward(ApplicationDispatcher.java:358)
	at org.apache.catalina.core.ApplicationDispatcher.forward(ApplicationDispatcher.java:312)
	at org.apache.catalina.core.StandardHostValve.custom(StandardHostValve.java:394)
	at org.apache.catalina.core.StandardHostValve.status(StandardHostValve.java:253)
	at org.apache.catalina.core.StandardHostValve.invoke(StandardHostValve.java:175)
	at org.apache.catalina.valves.ErrorReportValve.invoke(ErrorReportValve.java:92)
	at org.apache.catalina.core.StandardEngineValve.invoke(StandardEngineValve.java:74)
	at org.apache.catalina.connector.CoyoteAdapter.service(CoyoteAdapter.java:343)
	at org.apache.coyote.http11.Http11Processor.service(Http11Processor.java:408)
	at org.apache.coyote.AbstractProcessorLight.process(AbstractProcessorLight.java:66)
	at org.apache.coyote.AbstractProtocol$ConnectionHandler.process(AbstractProtocol.java:853)
	at org.apache.tomcat.util.net.NioEndpoint$SocketProcessor.doRun(NioEndpoint.java:1587)
	at org.apache.tomcat.util.net.SocketProcessorBase.run(SocketProcessorBase.java:49)
	at java.util.concurrent.ThreadPoolExecutor.runWorker(ThreadPoolExecutor.java:1149)
	at java.util.concurrent.ThreadPoolExecutor$Worker.run(ThreadPoolExecutor.java:624)
	at org.apache.tomcat.util.threads.TaskThread$WrappingRunnable.run(TaskThread.java:61)
	at java.lang.Thread.run(Thread.java:748)
2020-02-17 23:50:58.985 INFO  [main] outfox.ynote.ucourseserver.apiweb.ApiWebApplication: Starting ApiWebApplication on BIH-L-50316 with PID 23972 (D:\project\ynote\ucourseserver\api-web\build\classes\java\main started by cuiyaocy in D:\project\thirdProject\lovecode)
2020-02-17 23:50:58.987 DEBUG [main] outfox.ynote.ucourseserver.apiweb.ApiWebApplication: Running with Spring Boot v2.1.6.RELEASE, Spring v5.1.8.RELEASE
2020-02-17 23:50:58.987 INFO  [main] outfox.ynote.ucourseserver.apiweb.ApiWebApplication: The following profiles are active: dev
2020-02-17 23:50:59.848 INFO  [main] org.springframework.data.repository.config.RepositoryConfigurationDelegate: Multiple Spring Data modules found, entering strict repository configuration mode!
2020-02-17 23:50:59.851 INFO  [main] org.springframework.data.repository.config.RepositoryConfigurationDelegate: Bootstrapping Spring Data repositories in DEFAULT mode.
2020-02-17 23:50:59.878 INFO  [main] org.springframework.data.repository.config.RepositoryConfigurationDelegate: Finished Spring Data repository scanning in 16ms. Found 0 repository interfaces.
2020-02-17 23:51:00.176 INFO  [main] org.springframework.context.support.PostProcessorRegistrationDelegate$BeanPostProcessorChecker: Bean 'org.springframework.transaction.annotation.ProxyTransactionManagementConfiguration' of type [org.springframework.transaction.annotation.ProxyTransactionManagementConfiguration$$EnhancerBySpringCGLIB$$82383531] is not eligible for getting processed by all BeanPostProcessors (for example: not eligible for auto-proxying)
2020-02-17 23:51:00.433 INFO  [main] org.springframework.boot.web.embedded.tomcat.TomcatWebServer: Tomcat initialized with port(s): 8080 (http)
2020-02-17 23:51:00.458 INFO  [main] org.apache.catalina.core.StandardService: Starting service [Tomcat]
2020-02-17 23:51:00.459 INFO  [main] org.apache.catalina.core.StandardEngine: Starting Servlet engine: [Apache Tomcat/9.0.21]
2020-02-17 23:51:00.603 INFO  [main] org.apache.catalina.core.ContainerBase.[Tomcat].[localhost].[/]: Initializing Spring embedded WebApplicationContext
2020-02-17 23:51:00.604 INFO  [main] org.springframework.web.context.ContextLoader: Root WebApplicationContext: initialization completed in 1537 ms
2020-02-17 23:51:01.491 INFO  [main] org.springframework.scheduling.concurrent.ThreadPoolTaskExecutor: Initializing ExecutorService
2020-02-17 23:51:01.833 INFO  [main] springfox.documentation.spring.web.PropertySourcedRequestMappingHandlerMapping: Mapped URL path [/v2/api-docs] onto method [public org.springframework.http.ResponseEntity<springfox.documentation.spring.web.json.Json> springfox.documentation.swagger2.web.Swagger2Controller.getDocumentation(java.lang.String,javax.servlet.http.HttpServletRequest)]
2020-02-17 23:51:01.971 INFO  [main] org.springframework.scheduling.concurrent.ThreadPoolTaskExecutor: Initializing ExecutorService 'applicationTaskExecutor'
2020-02-17 23:51:02.200 INFO  [main] springfox.documentation.spring.web.plugins.DocumentationPluginsBootstrapper: Context refreshed
2020-02-17 23:51:02.212 INFO  [main] springfox.documentation.spring.web.plugins.DocumentationPluginsBootstrapper: Found 1 custom documentation plugin(s)
2020-02-17 23:51:02.242 INFO  [main] springfox.documentation.spring.web.scanners.ApiListingReferenceScanner: Scanning for api listing references
2020-02-17 23:51:02.482 INFO  [main] org.springframework.boot.web.embedded.tomcat.TomcatWebServer: Tomcat started on port(s): 8080 (http) with context path ''
2020-02-17 23:51:02.486 INFO  [main] outfox.ynote.ucourseserver.apiweb.ApiWebApplication: Started ApiWebApplication in 3.919 seconds (JVM running for 4.644)
2020-02-17 23:51:28.081 INFO  [http-nio-8080-exec-1] org.apache.catalina.core.ContainerBase.[Tomcat].[localhost].[/]: Initializing Spring DispatcherServlet 'dispatcherServlet'
2020-02-17 23:51:28.082 INFO  [http-nio-8080-exec-1] org.springframework.web.servlet.DispatcherServlet: Initializing Servlet 'dispatcherServlet'
2020-02-17 23:51:28.091 INFO  [http-nio-8080-exec-1] org.springframework.web.servlet.DispatcherServlet: Completed initialization in 8 ms
2020-02-17 23:51:28.119 ERROR [http-nio-8080-exec-1] org.apache.catalina.core.ContainerBase.[Tomcat].[localhost]: Exception Processing ErrorPage[errorCode=0, location=/error]
java.lang.NoSuchMethodError: javax.servlet.http.HttpServletRequest.getHttpServletMapping()Ljavax/servlet/http/HttpServletMapping;
	at org.apache.catalina.core.ApplicationHttpRequest.setRequest(ApplicationHttpRequest.java:708)
	at org.apache.catalina.core.ApplicationHttpRequest.<init>(ApplicationHttpRequest.java:114)
	at org.apache.catalina.core.ApplicationDispatcher.wrapRequest(ApplicationDispatcher.java:917)
	at org.apache.catalina.core.ApplicationDispatcher.doForward(ApplicationDispatcher.java:358)
	at org.apache.catalina.core.ApplicationDispatcher.forward(ApplicationDispatcher.java:312)
	at org.apache.catalina.core.StandardHostValve.custom(StandardHostValve.java:394)
	at org.apache.catalina.core.StandardHostValve.status(StandardHostValve.java:253)
	at org.apache.catalina.core.StandardHostValve.invoke(StandardHostValve.java:175)
	at org.apache.catalina.valves.ErrorReportValve.invoke(ErrorReportValve.java:92)
	at org.apache.catalina.core.StandardEngineValve.invoke(StandardEngineValve.java:74)
	at org.apache.catalina.connector.CoyoteAdapter.service(CoyoteAdapter.java:343)
	at org.apache.coyote.http11.Http11Processor.service(Http11Processor.java:408)
	at org.apache.coyote.AbstractProcessorLight.process(AbstractProcessorLight.java:66)
	at org.apache.coyote.AbstractProtocol$ConnectionHandler.process(AbstractProtocol.java:853)
	at org.apache.tomcat.util.net.NioEndpoint$SocketProcessor.doRun(NioEndpoint.java:1587)
	at org.apache.tomcat.util.net.SocketProcessorBase.run(SocketProcessorBase.java:49)
	at java.util.concurrent.ThreadPoolExecutor.runWorker(ThreadPoolExecutor.java:1149)
	at java.util.concurrent.ThreadPoolExecutor$Worker.run(ThreadPoolExecutor.java:624)
	at org.apache.tomcat.util.threads.TaskThread$WrappingRunnable.run(TaskThread.java:61)
	at java.lang.Thread.run(Thread.java:748)
2020-02-17 23:51:59.400 INFO  [main] outfox.ynote.ucourseserver.apiweb.ApiWebApplication: Starting ApiWebApplication on BIH-L-50316 with PID 8028 (D:\project\ynote\ucourseserver\api-web\build\classes\java\main started by cuiyaocy in D:\project\thirdProject\lovecode)
2020-02-17 23:51:59.402 DEBUG [main] outfox.ynote.ucourseserver.apiweb.ApiWebApplication: Running with Spring Boot v2.1.6.RELEASE, Spring v5.1.8.RELEASE
2020-02-17 23:51:59.402 INFO  [main] outfox.ynote.ucourseserver.apiweb.ApiWebApplication: The following profiles are active: dev
2020-02-17 23:52:00.261 INFO  [main] org.springframework.data.repository.config.RepositoryConfigurationDelegate: Multiple Spring Data modules found, entering strict repository configuration mode!
2020-02-17 23:52:00.263 INFO  [main] org.springframework.data.repository.config.RepositoryConfigurationDelegate: Bootstrapping Spring Data repositories in DEFAULT mode.
2020-02-17 23:52:00.293 INFO  [main] org.springframework.data.repository.config.RepositoryConfigurationDelegate: Finished Spring Data repository scanning in 18ms. Found 0 repository interfaces.
2020-02-17 23:52:00.592 INFO  [main] org.springframework.context.support.PostProcessorRegistrationDelegate$BeanPostProcessorChecker: Bean 'org.springframework.transaction.annotation.ProxyTransactionManagementConfiguration' of type [org.springframework.transaction.annotation.ProxyTransactionManagementConfiguration$$EnhancerBySpringCGLIB$$bb5e5a30] is not eligible for getting processed by all BeanPostProcessors (for example: not eligible for auto-proxying)
2020-02-17 23:52:00.840 INFO  [main] org.springframework.boot.web.embedded.tomcat.TomcatWebServer: Tomcat initialized with port(s): 8080 (http)
2020-02-17 23:52:00.864 INFO  [main] org.apache.catalina.core.StandardService: Starting service [Tomcat]
2020-02-17 23:52:00.864 INFO  [main] org.apache.catalina.core.StandardEngine: Starting Servlet engine: [Apache Tomcat/9.0.21]
2020-02-17 23:52:00.999 INFO  [main] org.apache.catalina.core.ContainerBase.[Tomcat].[localhost].[/]: Initializing Spring embedded WebApplicationContext
2020-02-17 23:52:01.000 INFO  [main] org.springframework.web.context.ContextLoader: Root WebApplicationContext: initialization completed in 1516 ms
2020-02-17 23:52:01.805 INFO  [main] org.springframework.scheduling.concurrent.ThreadPoolTaskExecutor: Initializing ExecutorService
2020-02-17 23:52:02.146 INFO  [main] springfox.documentation.spring.web.PropertySourcedRequestMappingHandlerMapping: Mapped URL path [/v2/api-docs] onto method [public org.springframework.http.ResponseEntity<springfox.documentation.spring.web.json.Json> springfox.documentation.swagger2.web.Swagger2Controller.getDocumentation(java.lang.String,javax.servlet.http.HttpServletRequest)]
2020-02-17 23:52:02.284 INFO  [main] org.springframework.scheduling.concurrent.ThreadPoolTaskExecutor: Initializing ExecutorService 'applicationTaskExecutor'
2020-02-17 23:52:02.512 INFO  [main] springfox.documentation.spring.web.plugins.DocumentationPluginsBootstrapper: Context refreshed
2020-02-17 23:52:02.524 INFO  [main] springfox.documentation.spring.web.plugins.DocumentationPluginsBootstrapper: Found 1 custom documentation plugin(s)
2020-02-17 23:52:02.554 INFO  [main] springfox.documentation.spring.web.scanners.ApiListingReferenceScanner: Scanning for api listing references
2020-02-17 23:52:02.773 INFO  [main] org.springframework.boot.web.embedded.tomcat.TomcatWebServer: Tomcat started on port(s): 8080 (http) with context path ''
2020-02-17 23:52:02.776 INFO  [main] outfox.ynote.ucourseserver.apiweb.ApiWebApplication: Started ApiWebApplication in 3.797 seconds (JVM running for 4.535)
2020-02-17 23:52:08.470 INFO  [http-nio-8080-exec-1] org.apache.catalina.core.ContainerBase.[Tomcat].[localhost].[/]: Initializing Spring DispatcherServlet 'dispatcherServlet'
2020-02-17 23:52:08.471 INFO  [http-nio-8080-exec-1] org.springframework.web.servlet.DispatcherServlet: Initializing Servlet 'dispatcherServlet'
2020-02-17 23:52:08.481 INFO  [http-nio-8080-exec-1] org.springframework.web.servlet.DispatcherServlet: Completed initialization in 9 ms
2020-02-17 23:52:08.510 ERROR [http-nio-8080-exec-1] org.apache.catalina.core.ContainerBase.[Tomcat].[localhost]: Exception Processing ErrorPage[errorCode=0, location=/error]
java.lang.NoSuchMethodError: javax.servlet.http.HttpServletRequest.getHttpServletMapping()Ljavax/servlet/http/HttpServletMapping;
	at org.apache.catalina.core.ApplicationHttpRequest.setRequest(ApplicationHttpRequest.java:708)
	at org.apache.catalina.core.ApplicationHttpRequest.<init>(ApplicationHttpRequest.java:114)
	at org.apache.catalina.core.ApplicationDispatcher.wrapRequest(ApplicationDispatcher.java:917)
	at org.apache.catalina.core.ApplicationDispatcher.doForward(ApplicationDispatcher.java:358)
	at org.apache.catalina.core.ApplicationDispatcher.forward(ApplicationDispatcher.java:312)
	at org.apache.catalina.core.StandardHostValve.custom(StandardHostValve.java:394)
	at org.apache.catalina.core.StandardHostValve.status(StandardHostValve.java:253)
	at org.apache.catalina.core.StandardHostValve.invoke(StandardHostValve.java:175)
	at org.apache.catalina.valves.ErrorReportValve.invoke(ErrorReportValve.java:92)
	at org.apache.catalina.core.StandardEngineValve.invoke(StandardEngineValve.java:74)
	at org.apache.catalina.connector.CoyoteAdapter.service(CoyoteAdapter.java:343)
	at org.apache.coyote.http11.Http11Processor.service(Http11Processor.java:408)
	at org.apache.coyote.AbstractProcessorLight.process(AbstractProcessorLight.java:66)
	at org.apache.coyote.AbstractProtocol$ConnectionHandler.process(AbstractProtocol.java:853)
	at org.apache.tomcat.util.net.NioEndpoint$SocketProcessor.doRun(NioEndpoint.java:1587)
	at org.apache.tomcat.util.net.SocketProcessorBase.run(SocketProcessorBase.java:49)
	at java.util.concurrent.ThreadPoolExecutor.runWorker(ThreadPoolExecutor.java:1149)
	at java.util.concurrent.ThreadPoolExecutor$Worker.run(ThreadPoolExecutor.java:624)
	at org.apache.tomcat.util.threads.TaskThread$WrappingRunnable.run(TaskThread.java:61)
	at java.lang.Thread.run(Thread.java:748)
2020-02-17 23:52:52.243 ERROR [http-nio-8080-exec-3] org.apache.catalina.core.ContainerBase.[Tomcat].[localhost]: Exception Processing ErrorPage[errorCode=0, location=/error]
java.lang.NoSuchMethodError: javax.servlet.http.HttpServletRequest.getHttpServletMapping()Ljavax/servlet/http/HttpServletMapping;
	at org.apache.catalina.core.ApplicationHttpRequest.setRequest(ApplicationHttpRequest.java:708)
	at org.apache.catalina.core.ApplicationHttpRequest.<init>(ApplicationHttpRequest.java:114)
	at org.apache.catalina.core.ApplicationDispatcher.wrapRequest(ApplicationDispatcher.java:917)
	at org.apache.catalina.core.ApplicationDispatcher.doForward(ApplicationDispatcher.java:358)
	at org.apache.catalina.core.ApplicationDispatcher.forward(ApplicationDispatcher.java:312)
	at org.apache.catalina.core.StandardHostValve.custom(StandardHostValve.java:394)
	at org.apache.catalina.core.StandardHostValve.status(StandardHostValve.java:253)
	at org.apache.catalina.core.StandardHostValve.invoke(StandardHostValve.java:175)
	at org.apache.catalina.valves.ErrorReportValve.invoke(ErrorReportValve.java:92)
	at org.apache.catalina.core.StandardEngineValve.invoke(StandardEngineValve.java:74)
	at org.apache.catalina.connector.CoyoteAdapter.service(CoyoteAdapter.java:343)
	at org.apache.coyote.http11.Http11Processor.service(Http11Processor.java:408)
	at org.apache.coyote.AbstractProcessorLight.process(AbstractProcessorLight.java:66)
	at org.apache.coyote.AbstractProtocol$ConnectionHandler.process(AbstractProtocol.java:853)
	at org.apache.tomcat.util.net.NioEndpoint$SocketProcessor.doRun(NioEndpoint.java:1587)
	at org.apache.tomcat.util.net.SocketProcessorBase.run(SocketProcessorBase.java:49)
	at java.util.concurrent.ThreadPoolExecutor.runWorker(ThreadPoolExecutor.java:1149)
	at java.util.concurrent.ThreadPoolExecutor$Worker.run(ThreadPoolExecutor.java:624)
	at org.apache.tomcat.util.threads.TaskThread$WrappingRunnable.run(TaskThread.java:61)
	at java.lang.Thread.run(Thread.java:748)
